<?xml version="1.0" encoding="UTF-8"?>
<!-- Generated by org.testng.reporters.JUnitXMLReporter -->
<testsuite hostname="trongbuis-MacBook-Pro.local" ignored="14" name="smoke" tests="8" failures="0" timestamp="2021-12-14T18:55:58 ICT" time="0.112" errors="0">
  <testcase name="test1" time="0.009" classname="com.itms.training.java.selenium.tests.TestNGTest1"/>
  <testcase name="test1" time="0.001" classname="com.itms.training.java.selenium.tests.TestNGTest1"/>
  <testcase name="test1" time="0.001" classname="com.itms.training.java.selenium.tests.TestNGTest1"/>
  <testcase name="test2" time="0.001" classname="com.itms.training.java.selenium.tests.TestNGTest1"/>
  <testcase name="test2" time="0.001" classname="com.itms.training.java.selenium.tests.TestNGTest1"/>
  <testcase name="test2" time="0.005" classname="com.itms.training.java.selenium.tests.TestNGTest1"/>
  <testcase name="test2" time="0.0" classname="com.itms.training.java.selenium.tests.TestNGTest2"/>
  <testcase name="test1" time="0.001" classname="com.itms.training.java.selenium.tests.TestNGTest2"/>
  <testcase name="test3" time="0.0" classname="com.itms.training.java.selenium.tests.TestNGTest3">
    <ignored/>
  </testcase> <!-- test3 -->
  <testcase name="test1" time="0.0" classname="com.itms.training.java.selenium.tests.TestNGTest3">
    <ignored/>
  </testcase> <!-- test1 -->
  <testcase name="test3" time="0.0" classname="com.itms.training.java.selenium.tests.TestNGTest1">
    <ignored/>
  </testcase> <!-- test3 -->
  <testcase name="jsonArrayTest" time="0.0" classname="com.itms.training.java.selenium.tests.JsonTests">
    <ignored/>
  </testcase> <!-- jsonArrayTest -->
  <testcase name="jsonToJavaObject" time="0.0" classname="com.itms.training.java.selenium.tests.JsonTests">
    <ignored/>
  </testcase> <!-- jsonToJavaObject -->
  <testcase name="jsonTests" time="0.0" classname="com.itms.training.java.selenium.tests.JsonTests">
    <ignored/>
  </testcase> <!-- jsonTests -->
  <testcase name="serializeJavaObjectToJson" time="0.0" classname="com.itms.training.java.selenium.tests.JsonTests">
    <ignored/>
  </testcase> <!-- serializeJavaObjectToJson -->
  <testcase name="readExcelTests" time="0.0" classname="com.itms.training.java.selenium.tests.ExcelTests">
    <ignored/>
  </testcase> <!-- readExcelTests -->
  <testcase name="readJsonFile" time="0.0" classname="com.itms.training.java.selenium.tests.JsonTests">
    <ignored/>
  </testcase> <!-- readJsonFile -->
  <testcase name="stringToJsonTest" time="0.0" classname="com.itms.training.java.selenium.tests.JsonTests">
    <ignored/>
  </testcase> <!-- stringToJsonTest -->
  <testcase name="readJsonFileToJson" time="0.0" classname="com.itms.training.java.selenium.tests.JsonTests">
    <ignored/>
  </testcase> <!-- readJsonFileToJson -->
  <testcase name="mapToJsonTests" time="0.0" classname="com.itms.training.java.selenium.tests.JsonTests">
    <ignored/>
  </testcase> <!-- mapToJsonTests -->
  <testcase name="test2" time="0.0" classname="com.itms.training.java.selenium.tests.TestNGTest3">
    <ignored/>
  </testcase> <!-- test2 -->
  <testcase name="test3" time="0.0" classname="com.itms.training.java.selenium.tests.TestNGTest2">
    <ignored/>
  </testcase> <!-- test3 -->
</testsuite> <!-- smoke -->
